Arguments: 
  /home/fabrirandon/.nvm/versions/node/v20.0.0/bin/node /home/fabrirandon/.nvm/versions/node/v20.0.0/bin/yarn add esLint --dev

PATH: 
  /home/fabrirandon/.nvm/versions/node/v20.0.0/bin:/usr/local/sbin:/usr/local/bin:/usr/sbin:/usr/bin:/sbin:/bin:/usr/games:/usr/local/games:/usr/lib/wsl/lib:/mnt/c/Program Files/WindowsApps/MicrosoftCorporationII.WindowsSubsystemForLinux_1.2.5.0_x64__8wekyb3d8bbwe:/mnt/c/ProgramData/Oracle/Java/javapath:/mnt/c/Program Files/Common Files/Oracle/Java/javapath:/mnt/c/Windows/system32:/mnt/c/Windows:/mnt/c/Windows/System32/Wbem:/mnt/c/Windows/System32/WindowsPowerShell/v1.0/:/mnt/c/Windows/System32/OpenSSH/:/mnt/c/Program Files (x86)/NVIDIA Corporation/PhysX/Common:/mnt/c/Program Files/NVIDIA Corporation/NVIDIA NvDLISR:/mnt/c/WINDOWS/system32:/mnt/c/WINDOWS:/mnt/c/WINDOWS/System32/Wbem:/mnt/c/WINDOWS/System32/WindowsPowerShell/v1.0/:/mnt/c/WINDOWS/System32/OpenSSH/:/mnt/c/Program Files/Git/cmd:/mnt/c/Users/fabri/AppData/Local/Programs/Python/Python310/Scripts/:/mnt/c/Users/fabri/AppData/Local/Programs/Python/Python310/:/mnt/c/Users/fabri/AppData/Local/Microsoft/WindowsApps:/mnt/c/Users/fabri/AppData/Local/Programs/Microsoft VS Code/bin:/mnt/c/Users/fabri/AppData/Local/GitHubDesktop/bin:/snap/bin

Yarn version: 
  1.22.19

Node version: 
  20.0.0

Platform: 
  linux x64

Trace: 
  Error: https://registry.yarnpkg.com/esLint: Not found
      at params.callback [as _callback] (/home/fabrirandon/.nvm/versions/node/v20.0.0/lib/node_modules/yarn/lib/cli.js:66145:18)
      at self.callback (/home/fabrirandon/.nvm/versions/node/v20.0.0/lib/node_modules/yarn/lib/cli.js:140890:22)
      at Request.emit (node:events:511:28)
      at Request.<anonymous> (/home/fabrirandon/.nvm/versions/node/v20.0.0/lib/node_modules/yarn/lib/cli.js:141862:10)
      at Request.emit (node:events:511:28)
      at IncomingMessage.<anonymous> (/home/fabrirandon/.nvm/versions/node/v20.0.0/lib/node_modules/yarn/lib/cli.js:141784:12)
      at Object.onceWrapper (node:events:625:28)
      at IncomingMessage.emit (node:events:523:35)
      at endReadableNT (node:internal/streams/readable:1367:12)
      at process.processTicksAndRejections (node:internal/process/task_queues:82:21)

npm manifest: 
  {
    "name": "Monopoly",
    "version": "1.0.0",
    "description": "juego de mesa",
    "main": "index.js",
    "repository": "https://github.com/FabriRandon/monopolyGame.git",
    "author": "FabriRandon <rfbiermann@uc.cl>",
    "license": "MIT"
  }

yarn manifest: 
  No manifest

Lockfile: 
  No lockfile
